Date: 2020-02-16 17:38:27
Ontology source: //www.semanticweb.org/ricardocanela/ontologies/2020/1/untitled-ontology-4
Worksheet source: /Users/ricardocanela/Documents/Code/2ºSemestre/PRC/TPC1/PRI2019 - Avaliação.xlsx
Transformation rules: /Users/ricardocanela/Documents/Code/2ºSemestre/PRC/TPC1/SalaDeAulaRules.json

# Cell range: (Sheet 1 - PRI2019 - Avaliação!A3:B+) Comment: ""
# Individual: @A*
# Types: Aluno
# Facts: nome @B*,
#           ident @A*,
#           frequenta gcs,
#           frequenta spln,
#           frequenta pri,
#           frequenta prc

Individual: A81712  # Generated from value "A81712" located at cell 'Sheet 1 - PRI2019 - Avaliação'!A3.
   Facts: nome "Ana Filipa Pereira"  # Generated from value "Ana Filipa Pereira" located at cell 'Sheet 1 - PRI2019 - Avaliação'!B3.,
         ident "A81712"  # Generated from value "A81712" located at cell 'Sheet 1 - PRI2019 - Avaliação'!A3.,
         frequenta gcs,
         frequenta spln,
         frequenta pri,
         frequenta prc
   Types: Aluno
Individual: A71385  # Generated from value "A71385" located at cell 'Sheet 1 - PRI2019 - Avaliação'!A4.
   Facts: nome "Bruno Silva"  # Generated from value "Bruno Silva" located at cell 'Sheet 1 - PRI2019 - Avaliação'!B4.,
         ident "A71385"  # Generated from value "A71385" located at cell 'Sheet 1 - PRI2019 - Avaliação'!A4.,
         frequenta gcs,
         frequenta spln,
         frequenta pri,
         frequenta prc
   Types: Aluno
Individual: A78997  # Generated from value "A78997" located at cell 'Sheet 1 - PRI2019 - Avaliação'!A5.
   Facts: nome "Bruno Sousa"  # Generated from value "Bruno Sousa" located at cell 'Sheet 1 - PRI2019 - Avaliação'!B5.,
         ident "A78997"  # Generated from value "A78997" located at cell 'Sheet 1 - PRI2019 - Avaliação'!A5.,
         frequenta gcs,
         frequenta spln,
         frequenta pri,
         frequenta prc
   Types: Aluno
Individual: A82324  # Generated from value "A82324" located at cell 'Sheet 1 - PRI2019 - Avaliação'!A6.
   Facts: nome "Carlos Barbosa"  # Generated from value "Carlos Barbosa" located at cell 'Sheet 1 - PRI2019 - Avaliação'!B6.,
         ident "A82324"  # Generated from value "A82324" located at cell 'Sheet 1 - PRI2019 - Avaliação'!A6.,
         frequenta gcs,
         frequenta spln,
         frequenta pri,
         frequenta prc
   Types: Aluno
Individual: PG37149  # Generated from value "PG37149" located at cell 'Sheet 1 - PRI2019 - Avaliação'!A7.
   Facts: nome "Diego Silva"  # Generated from value "Diego Silva" located at cell 'Sheet 1 - PRI2019 - Avaliação'!B7.,
         ident "PG37149"  # Generated from value "PG37149" located at cell 'Sheet 1 - PRI2019 - Avaliação'!A7.,
         frequenta gcs,
         frequenta spln,
         frequenta pri,
         frequenta prc
   Types: Aluno
Individual: A75536  # Generated from value "A75536" located at cell 'Sheet 1 - PRI2019 - Avaliação'!A8.
   Facts: nome "Eduardo Araújo"  # Generated from value "Eduardo Araújo" located at cell 'Sheet 1 - PRI2019 - Avaliação'!B8.,
         ident "A75536"  # Generated from value "A75536" located at cell 'Sheet 1 - PRI2019 - Avaliação'!A8.,
         frequenta gcs,
         frequenta spln,
         frequenta pri,
         frequenta prc
   Types: Aluno
Individual: A71940  # Generated from value "A71940" located at cell 'Sheet 1 - PRI2019 - Avaliação'!A9.
   Facts: nome "Eduardo Cunha"  # Generated from value "Eduardo Cunha" located at cell 'Sheet 1 - PRI2019 - Avaliação'!B9.,
         ident "A71940"  # Generated from value "A71940" located at cell 'Sheet 1 - PRI2019 - Avaliação'!A9.,
         frequenta gcs,
         frequenta spln,
         frequenta pri,
         frequenta prc
   Types: Aluno
Individual: A70922  # Generated from value "A70922" located at cell 'Sheet 1 - PRI2019 - Avaliação'!A10.
   Facts: nome "Francisco Costa"  # Generated from value "Francisco Costa" located at cell 'Sheet 1 - PRI2019 - Avaliação'!B10.,
         ident "A70922"  # Generated from value "A70922" located at cell 'Sheet 1 - PRI2019 - Avaliação'!A10.,
         frequenta gcs,
         frequenta spln,
         frequenta pri,
         frequenta prc
   Types: Aluno
Individual: PG38415  # Generated from value "PG38415" located at cell 'Sheet 1 - PRI2019 - Avaliação'!A11.
   Facts: nome "Henrique Ribeiro"  # Generated from value "Henrique Ribeiro" located at cell 'Sheet 1 - PRI2019 - Avaliação'!B11.,
         ident "PG38415"  # Generated from value "PG38415" located at cell 'Sheet 1 - PRI2019 - Avaliação'!A11.,
         frequenta gcs,
         frequenta spln,
         frequenta pri,
         frequenta prc
   Types: Aluno
Individual: A80757  # Generated from value "A80757" located at cell 'Sheet 1 - PRI2019 - Avaliação'!A12.
   Facts: nome "Jaime Leite"  # Generated from value "Jaime Leite" located at cell 'Sheet 1 - PRI2019 - Avaliação'!B12.,
         ident "A80757"  # Generated from value "A80757" located at cell 'Sheet 1 - PRI2019 - Avaliação'!A12.,
         frequenta gcs,
         frequenta spln,
         frequenta pri,
         frequenta prc
   Types: Aluno
Individual: PG33874  # Generated from value "PG33874" located at cell 'Sheet 1 - PRI2019 - Avaliação'!A13.
   Facts: nome "João Grenhas"  # Generated from value "João Grenhas" located at cell 'Sheet 1 - PRI2019 - Avaliação'!B13.,
         ident "PG33874"  # Generated from value "PG33874" located at cell 'Sheet 1 - PRI2019 - Avaliação'!A13.,
         frequenta gcs,
         frequenta spln,
         frequenta pri,
         frequenta prc
   Types: Aluno
Individual: A75569  # Generated from value "A75569" located at cell 'Sheet 1 - PRI2019 - Avaliação'!A14.
   Facts: nome "João Leal"  # Generated from value "João Leal" located at cell 'Sheet 1 - PRI2019 - Avaliação'!B14.,
         ident "A75569"  # Generated from value "A75569" located at cell 'Sheet 1 - PRI2019 - Avaliação'!A14.,
         frequenta gcs,
         frequenta spln,
         frequenta pri,
         frequenta prc
   Types: Aluno
Individual: A80874  # Generated from value "A80874" located at cell 'Sheet 1 - PRI2019 - Avaliação'!A15.
   Facts: nome "João Pimentel"  # Generated from value "João Pimentel" located at cell 'Sheet 1 - PRI2019 - Avaliação'!B15.,
         ident "A80874"  # Generated from value "A80874" located at cell 'Sheet 1 - PRI2019 - Avaliação'!A15.,
         frequenta gcs,
         frequenta spln,
         frequenta pri,
         frequenta prc
   Types: Aluno
Individual: A76516  # Generated from value "A76516" located at cell 'Sheet 1 - PRI2019 - Avaliação'!A16.
   Facts: nome "João Vieira"  # Generated from value "João Vieira" located at cell 'Sheet 1 - PRI2019 - Avaliação'!B16.,
         ident "A76516"  # Generated from value "A76516" located at cell 'Sheet 1 - PRI2019 - Avaliação'!A16.,
         frequenta gcs,
         frequenta spln,
         frequenta pri,
         frequenta prc
   Types: Aluno
Individual: A80424  # Generated from value "A80424" located at cell 'Sheet 1 - PRI2019 - Avaliação'!A17.
   Facts: nome "José Carvalho"  # Generated from value "José Carvalho" located at cell 'Sheet 1 - PRI2019 - Avaliação'!B17.,
         ident "A80424"  # Generated from value "A80424" located at cell 'Sheet 1 - PRI2019 - Avaliação'!A17.,
         frequenta gcs,
         frequenta spln,
         frequenta pri,
         frequenta prc
   Types: Aluno
Individual: A63129  # Generated from value "A63129" located at cell 'Sheet 1 - PRI2019 - Avaliação'!A18.
   Facts: nome "José Freitas"  # Generated from value "José Freitas" located at cell 'Sheet 1 - PRI2019 - Avaliação'!B18.,
         ident "A63129"  # Generated from value "A63129" located at cell 'Sheet 1 - PRI2019 - Avaliação'!A18.,
         frequenta gcs,
         frequenta spln,
         frequenta pri,
         frequenta prc
   Types: Aluno
Individual: A72187  # Generated from value "A72187" located at cell 'Sheet 1 - PRI2019 - Avaliação'!A19.
   Facts: nome "José Lima"  # Generated from value "José Lima" located at cell 'Sheet 1 - PRI2019 - Avaliação'!B19.,
         ident "A72187"  # Generated from value "A72187" located at cell 'Sheet 1 - PRI2019 - Avaliação'!A19.,
         frequenta gcs,
         frequenta spln,
         frequenta pri,
         frequenta prc
   Types: Aluno
Individual: A74036  # Generated from value "A74036" located at cell 'Sheet 1 - PRI2019 - Avaliação'!A20.
   Facts: nome "Manuel Monteiro"  # Generated from value "Manuel Monteiro" located at cell 'Sheet 1 - PRI2019 - Avaliação'!B20.,
         ident "A74036"  # Generated from value "A74036" located at cell 'Sheet 1 - PRI2019 - Avaliação'!A20.,
         frequenta gcs,
         frequenta spln,
         frequenta pri,
         frequenta prc
   Types: Aluno
Individual: A67713  # Generated from value "A67713" located at cell 'Sheet 1 - PRI2019 - Avaliação'!A21.
   Facts: nome "Manuel Moreno"  # Generated from value "Manuel Moreno" located at cell 'Sheet 1 - PRI2019 - Avaliação'!B21.,
         ident "A67713"  # Generated from value "A67713" located at cell 'Sheet 1 - PRI2019 - Avaliação'!A21.,
         frequenta gcs,
         frequenta spln,
         frequenta pri,
         frequenta prc
   Types: Aluno
Individual: PG39292  # Generated from value "PG39292" located at cell 'Sheet 1 - PRI2019 - Avaliação'!A22.
   Facts: nome "Maria Pinto"  # Generated from value "Maria Pinto" located at cell 'Sheet 1 - PRI2019 - Avaliação'!B22.,
         ident "PG39292"  # Generated from value "PG39292" located at cell 'Sheet 1 - PRI2019 - Avaliação'!A22.,
         frequenta gcs,
         frequenta spln,
         frequenta pri,
         frequenta prc
   Types: Aluno
Individual: PG41089  # Generated from value "PG41089" located at cell 'Sheet 1 - PRI2019 - Avaliação'!A23.
   Facts: nome "Miguel Dias"  # Generated from value "Miguel Dias" located at cell 'Sheet 1 - PRI2019 - Avaliação'!B23.,
         ident "PG41089"  # Generated from value "PG41089" located at cell 'Sheet 1 - PRI2019 - Avaliação'!A23.,
         frequenta gcs,
         frequenta spln,
         frequenta pri,
         frequenta prc
   Types: Aluno
Individual: PG17918  # Generated from value "PG17918" located at cell 'Sheet 1 - PRI2019 - Avaliação'!A24.
   Facts: nome "Paulo Martins"  # Generated from value "Paulo Martins" located at cell 'Sheet 1 - PRI2019 - Avaliação'!B24.,
         ident "PG17918"  # Generated from value "PG17918" located at cell 'Sheet 1 - PRI2019 - Avaliação'!A24.,
         frequenta gcs,
         frequenta spln,
         frequenta pri,
         frequenta prc
   Types: Aluno
Individual: A33524  # Generated from value "A33524" located at cell 'Sheet 1 - PRI2019 - Avaliação'!A25.
   Facts: nome "Pedro Paes"  # Generated from value "Pedro Paes" located at cell 'Sheet 1 - PRI2019 - Avaliação'!B25.,
         ident "A33524"  # Generated from value "A33524" located at cell 'Sheet 1 - PRI2019 - Avaliação'!A25.,
         frequenta gcs,
         frequenta spln,
         frequenta pri,
         frequenta prc
   Types: Aluno
Individual: A74264  # Generated from value "A74264" located at cell 'Sheet 1 - PRI2019 - Avaliação'!A26.
   Facts: nome "Rafael Silva"  # Generated from value "Rafael Silva" located at cell 'Sheet 1 - PRI2019 - Avaliação'!B26.,
         ident "A74264"  # Generated from value "A74264" located at cell 'Sheet 1 - PRI2019 - Avaliação'!A26.,
         frequenta gcs,
         frequenta spln,
         frequenta pri,
         frequenta prc
   Types: Aluno
Individual: A74568  # Generated from value "A74568" located at cell 'Sheet 1 - PRI2019 - Avaliação'!A27.
   Facts: nome "Ricardo Canela"  # Generated from value "Ricardo Canela" located at cell 'Sheet 1 - PRI2019 - Avaliação'!B27.,
         ident "A74568"  # Generated from value "A74568" located at cell 'Sheet 1 - PRI2019 - Avaliação'!A27.,
         frequenta gcs,
         frequenta spln,
         frequenta pri,
         frequenta prc
   Types: Aluno
Individual: A75411  # Generated from value "A75411" located at cell 'Sheet 1 - PRI2019 - Avaliação'!A28.
   Facts: nome "Ricardo Leal"  # Generated from value "Ricardo Leal" located at cell 'Sheet 1 - PRI2019 - Avaliação'!B28.,
         ident "A75411"  # Generated from value "A75411" located at cell 'Sheet 1 - PRI2019 - Avaliação'!A28.,
         frequenta gcs,
         frequenta spln,
         frequenta pri,
         frequenta prc
   Types: Aluno
Individual: A78914  # Generated from value "A78914" located at cell 'Sheet 1 - PRI2019 - Avaliação'!A29.
   Facts: nome "Ricardo Martins"  # Generated from value "Ricardo Martins" located at cell 'Sheet 1 - PRI2019 - Avaliação'!B29.,
         ident "A78914"  # Generated from value "A78914" located at cell 'Sheet 1 - PRI2019 - Avaliação'!A29.,
         frequenta gcs,
         frequenta spln,
         frequenta pri,
         frequenta prc
   Types: Aluno
Individual: A78764  # Generated from value "A78764" located at cell 'Sheet 1 - PRI2019 - Avaliação'!A30.
   Facts: nome "Ricardo Neves"  # Generated from value "Ricardo Neves" located at cell 'Sheet 1 - PRI2019 - Avaliação'!B30.,
         ident "A78764"  # Generated from value "A78764" located at cell 'Sheet 1 - PRI2019 - Avaliação'!A30.,
         frequenta gcs,
         frequenta spln,
         frequenta pri,
         frequenta prc
   Types: Aluno
Individual: A77045  # Generated from value "A77045" located at cell 'Sheet 1 - PRI2019 - Avaliação'!A31.
   Facts: nome "Ricardo Pereira"  # Generated from value "Ricardo Pereira" located at cell 'Sheet 1 - PRI2019 - Avaliação'!B31.,
         ident "A77045"  # Generated from value "A77045" located at cell 'Sheet 1 - PRI2019 - Avaliação'!A31.,
         frequenta gcs,
         frequenta spln,
         frequenta pri,
         frequenta prc
   Types: Aluno
Individual: A79947  # Generated from value "A79947" located at cell 'Sheet 1 - PRI2019 - Avaliação'!A32.
   Facts: nome "Rui Costa"  # Generated from value "Rui Costa" located at cell 'Sheet 1 - PRI2019 - Avaliação'!B32.,
         ident "A79947"  # Generated from value "A79947" located at cell 'Sheet 1 - PRI2019 - Avaliação'!A32.,
         frequenta gcs,
         frequenta spln,
         frequenta pri,
         frequenta prc
   Types: Aluno
Individual: A74658  # Generated from value "A74658" located at cell 'Sheet 1 - PRI2019 - Avaliação'!A33.
   Facts: nome "Rui Vieira"  # Generated from value "Rui Vieira" located at cell 'Sheet 1 - PRI2019 - Avaliação'!B33.,
         ident "A74658"  # Generated from value "A74658" located at cell 'Sheet 1 - PRI2019 - Avaliação'!A33.,
         frequenta gcs,
         frequenta spln,
         frequenta pri,
         frequenta prc
   Types: Aluno
Individual: A82617  # Generated from value "A82617" located at cell 'Sheet 1 - PRI2019 - Avaliação'!A34.
   Facts: nome "Shahzod Yusupov"  # Generated from value "Shahzod Yusupov" located at cell 'Sheet 1 - PRI2019 - Avaliação'!B34.,
         ident "A82617"  # Generated from value "A82617" located at cell 'Sheet 1 - PRI2019 - Avaliação'!A34.,
         frequenta gcs,
         frequenta spln,
         frequenta pri,
         frequenta prc
   Types: Aluno
Individual: A75328  # Generated from value "A75328" located at cell 'Sheet 1 - PRI2019 - Avaliação'!A35.
   Facts: nome "Tiago Baptista"  # Generated from value "Tiago Baptista" located at cell 'Sheet 1 - PRI2019 - Avaliação'!B35.,
         ident "A75328"  # Generated from value "A75328" located at cell 'Sheet 1 - PRI2019 - Avaliação'!A35.,
         frequenta gcs,
         frequenta spln,
         frequenta pri,
         frequenta prc
   Types: Aluno
Individual: A61032  # Generated from value "A61032" located at cell 'Sheet 1 - PRI2019 - Avaliação'!A36.
   Facts: nome "Tiago Pereira"  # Generated from value "Tiago Pereira" located at cell 'Sheet 1 - PRI2019 - Avaliação'!B36.,
         ident "A61032"  # Generated from value "A61032" located at cell 'Sheet 1 - PRI2019 - Avaliação'!A36.,
         frequenta gcs,
         frequenta spln,
         frequenta pri,
         frequenta prc
   Types: Aluno
Individual: A81712  # Generated from value "A81712" located at cell 'Sheet 1 - PRI2019 - Avaliação'!A3.
   Facts: nome "Ana Filipa Pereira"  # Generated from value "Ana Filipa Pereira" located at cell 'Sheet 1 - PRI2019 - Avaliação'!B3.,
         ident "A81712"  # Generated from value "A81712" located at cell 'Sheet 1 - PRI2019 - Avaliação'!A3.,
         frequenta gcs,
         frequenta spln,
         frequenta pri,
         frequenta prc
   Types: Aluno
Individual: A71385  # Generated from value "A71385" located at cell 'Sheet 1 - PRI2019 - Avaliação'!A4.
   Facts: nome "Bruno Silva"  # Generated from value "Bruno Silva" located at cell 'Sheet 1 - PRI2019 - Avaliação'!B4.,
         ident "A71385"  # Generated from value "A71385" located at cell 'Sheet 1 - PRI2019 - Avaliação'!A4.,
         frequenta gcs,
         frequenta spln,
         frequenta pri,
         frequenta prc
   Types: Aluno
Individual: A78997  # Generated from value "A78997" located at cell 'Sheet 1 - PRI2019 - Avaliação'!A5.
   Facts: nome "Bruno Sousa"  # Generated from value "Bruno Sousa" located at cell 'Sheet 1 - PRI2019 - Avaliação'!B5.,
         ident "A78997"  # Generated from value "A78997" located at cell 'Sheet 1 - PRI2019 - Avaliação'!A5.,
         frequenta gcs,
         frequenta spln,
         frequenta pri,
         frequenta prc
   Types: Aluno
Individual: A82324  # Generated from value "A82324" located at cell 'Sheet 1 - PRI2019 - Avaliação'!A6.
   Facts: nome "Carlos Barbosa"  # Generated from value "Carlos Barbosa" located at cell 'Sheet 1 - PRI2019 - Avaliação'!B6.,
         ident "A82324"  # Generated from value "A82324" located at cell 'Sheet 1 - PRI2019 - Avaliação'!A6.,
         frequenta gcs,
         frequenta spln,
         frequenta pri,
         frequenta prc
   Types: Aluno
Individual: PG37149  # Generated from value "PG37149" located at cell 'Sheet 1 - PRI2019 - Avaliação'!A7.
   Facts: nome "Diego Silva"  # Generated from value "Diego Silva" located at cell 'Sheet 1 - PRI2019 - Avaliação'!B7.,
         ident "PG37149"  # Generated from value "PG37149" located at cell 'Sheet 1 - PRI2019 - Avaliação'!A7.,
         frequenta gcs,
         frequenta spln,
         frequenta pri,
         frequenta prc
   Types: Aluno
Individual: A75536  # Generated from value "A75536" located at cell 'Sheet 1 - PRI2019 - Avaliação'!A8.
   Facts: nome "Eduardo Araújo"  # Generated from value "Eduardo Araújo" located at cell 'Sheet 1 - PRI2019 - Avaliação'!B8.,
         ident "A75536"  # Generated from value "A75536" located at cell 'Sheet 1 - PRI2019 - Avaliação'!A8.,
         frequenta gcs,
         frequenta spln,
         frequenta pri,
         frequenta prc
   Types: Aluno
Individual: A71940  # Generated from value "A71940" located at cell 'Sheet 1 - PRI2019 - Avaliação'!A9.
   Facts: nome "Eduardo Cunha"  # Generated from value "Eduardo Cunha" located at cell 'Sheet 1 - PRI2019 - Avaliação'!B9.,
         ident "A71940"  # Generated from value "A71940" located at cell 'Sheet 1 - PRI2019 - Avaliação'!A9.,
         frequenta gcs,
         frequenta spln,
         frequenta pri,
         frequenta prc
   Types: Aluno
Individual: A70922  # Generated from value "A70922" located at cell 'Sheet 1 - PRI2019 - Avaliação'!A10.
   Facts: nome "Francisco Costa"  # Generated from value "Francisco Costa" located at cell 'Sheet 1 - PRI2019 - Avaliação'!B10.,
         ident "A70922"  # Generated from value "A70922" located at cell 'Sheet 1 - PRI2019 - Avaliação'!A10.,
         frequenta gcs,
         frequenta spln,
         frequenta pri,
         frequenta prc
   Types: Aluno
Individual: PG38415  # Generated from value "PG38415" located at cell 'Sheet 1 - PRI2019 - Avaliação'!A11.
   Facts: nome "Henrique Ribeiro"  # Generated from value "Henrique Ribeiro" located at cell 'Sheet 1 - PRI2019 - Avaliação'!B11.,
         ident "PG38415"  # Generated from value "PG38415" located at cell 'Sheet 1 - PRI2019 - Avaliação'!A11.,
         frequenta gcs,
         frequenta spln,
         frequenta pri,
         frequenta prc
   Types: Aluno
Individual: A80757  # Generated from value "A80757" located at cell 'Sheet 1 - PRI2019 - Avaliação'!A12.
   Facts: nome "Jaime Leite"  # Generated from value "Jaime Leite" located at cell 'Sheet 1 - PRI2019 - Avaliação'!B12.,
         ident "A80757"  # Generated from value "A80757" located at cell 'Sheet 1 - PRI2019 - Avaliação'!A12.,
         frequenta gcs,
         frequenta spln,
         frequenta pri,
         frequenta prc
   Types: Aluno
Individual: PG33874  # Generated from value "PG33874" located at cell 'Sheet 1 - PRI2019 - Avaliação'!A13.
   Facts: nome "João Grenhas"  # Generated from value "João Grenhas" located at cell 'Sheet 1 - PRI2019 - Avaliação'!B13.,
         ident "PG33874"  # Generated from value "PG33874" located at cell 'Sheet 1 - PRI2019 - Avaliação'!A13.,
         frequenta gcs,
         frequenta spln,
         frequenta pri,
         frequenta prc
   Types: Aluno
Individual: A75569  # Generated from value "A75569" located at cell 'Sheet 1 - PRI2019 - Avaliação'!A14.
   Facts: nome "João Leal"  # Generated from value "João Leal" located at cell 'Sheet 1 - PRI2019 - Avaliação'!B14.,
         ident "A75569"  # Generated from value "A75569" located at cell 'Sheet 1 - PRI2019 - Avaliação'!A14.,
         frequenta gcs,
         frequenta spln,
         frequenta pri,
         frequenta prc
   Types: Aluno
Individual: A80874  # Generated from value "A80874" located at cell 'Sheet 1 - PRI2019 - Avaliação'!A15.
   Facts: nome "João Pimentel"  # Generated from value "João Pimentel" located at cell 'Sheet 1 - PRI2019 - Avaliação'!B15.,
         ident "A80874"  # Generated from value "A80874" located at cell 'Sheet 1 - PRI2019 - Avaliação'!A15.,
         frequenta gcs,
         frequenta spln,
         frequenta pri,
         frequenta prc
   Types: Aluno
Individual: A76516  # Generated from value "A76516" located at cell 'Sheet 1 - PRI2019 - Avaliação'!A16.
   Facts: nome "João Vieira"  # Generated from value "João Vieira" located at cell 'Sheet 1 - PRI2019 - Avaliação'!B16.,
         ident "A76516"  # Generated from value "A76516" located at cell 'Sheet 1 - PRI2019 - Avaliação'!A16.,
         frequenta gcs,
         frequenta spln,
         frequenta pri,
         frequenta prc
   Types: Aluno
Individual: A80424  # Generated from value "A80424" located at cell 'Sheet 1 - PRI2019 - Avaliação'!A17.
   Facts: nome "José Carvalho"  # Generated from value "José Carvalho" located at cell 'Sheet 1 - PRI2019 - Avaliação'!B17.,
         ident "A80424"  # Generated from value "A80424" located at cell 'Sheet 1 - PRI2019 - Avaliação'!A17.,
         frequenta gcs,
         frequenta spln,
         frequenta pri,
         frequenta prc
   Types: Aluno
Individual: A63129  # Generated from value "A63129" located at cell 'Sheet 1 - PRI2019 - Avaliação'!A18.
   Facts: nome "José Freitas"  # Generated from value "José Freitas" located at cell 'Sheet 1 - PRI2019 - Avaliação'!B18.,
         ident "A63129"  # Generated from value "A63129" located at cell 'Sheet 1 - PRI2019 - Avaliação'!A18.,
         frequenta gcs,
         frequenta spln,
         frequenta pri,
         frequenta prc
   Types: Aluno
Individual: A72187  # Generated from value "A72187" located at cell 'Sheet 1 - PRI2019 - Avaliação'!A19.
   Facts: nome "José Lima"  # Generated from value "José Lima" located at cell 'Sheet 1 - PRI2019 - Avaliação'!B19.,
         ident "A72187"  # Generated from value "A72187" located at cell 'Sheet 1 - PRI2019 - Avaliação'!A19.,
         frequenta gcs,
         frequenta spln,
         frequenta pri,
         frequenta prc
   Types: Aluno
Individual: A74036  # Generated from value "A74036" located at cell 'Sheet 1 - PRI2019 - Avaliação'!A20.
   Facts: nome "Manuel Monteiro"  # Generated from value "Manuel Monteiro" located at cell 'Sheet 1 - PRI2019 - Avaliação'!B20.,
         ident "A74036"  # Generated from value "A74036" located at cell 'Sheet 1 - PRI2019 - Avaliação'!A20.,
         frequenta gcs,
         frequenta spln,
         frequenta pri,
         frequenta prc
   Types: Aluno
Individual: A67713  # Generated from value "A67713" located at cell 'Sheet 1 - PRI2019 - Avaliação'!A21.
   Facts: nome "Manuel Moreno"  # Generated from value "Manuel Moreno" located at cell 'Sheet 1 - PRI2019 - Avaliação'!B21.,
         ident "A67713"  # Generated from value "A67713" located at cell 'Sheet 1 - PRI2019 - Avaliação'!A21.,
         frequenta gcs,
         frequenta spln,
         frequenta pri,
         frequenta prc
   Types: Aluno
Individual: PG39292  # Generated from value "PG39292" located at cell 'Sheet 1 - PRI2019 - Avaliação'!A22.
   Facts: nome "Maria Pinto"  # Generated from value "Maria Pinto" located at cell 'Sheet 1 - PRI2019 - Avaliação'!B22.,
         ident "PG39292"  # Generated from value "PG39292" located at cell 'Sheet 1 - PRI2019 - Avaliação'!A22.,
         frequenta gcs,
         frequenta spln,
         frequenta pri,
         frequenta prc
   Types: Aluno
Individual: PG41089  # Generated from value "PG41089" located at cell 'Sheet 1 - PRI2019 - Avaliação'!A23.
   Facts: nome "Miguel Dias"  # Generated from value "Miguel Dias" located at cell 'Sheet 1 - PRI2019 - Avaliação'!B23.,
         ident "PG41089"  # Generated from value "PG41089" located at cell 'Sheet 1 - PRI2019 - Avaliação'!A23.,
         frequenta gcs,
         frequenta spln,
         frequenta pri,
         frequenta prc
   Types: Aluno
Individual: PG17918  # Generated from value "PG17918" located at cell 'Sheet 1 - PRI2019 - Avaliação'!A24.
   Facts: nome "Paulo Martins"  # Generated from value "Paulo Martins" located at cell 'Sheet 1 - PRI2019 - Avaliação'!B24.,
         ident "PG17918"  # Generated from value "PG17918" located at cell 'Sheet 1 - PRI2019 - Avaliação'!A24.,
         frequenta gcs,
         frequenta spln,
         frequenta pri,
         frequenta prc
   Types: Aluno
Individual: A33524  # Generated from value "A33524" located at cell 'Sheet 1 - PRI2019 - Avaliação'!A25.
   Facts: nome "Pedro Paes"  # Generated from value "Pedro Paes" located at cell 'Sheet 1 - PRI2019 - Avaliação'!B25.,
         ident "A33524"  # Generated from value "A33524" located at cell 'Sheet 1 - PRI2019 - Avaliação'!A25.,
         frequenta gcs,
         frequenta spln,
         frequenta pri,
         frequenta prc
   Types: Aluno
Individual: A74264  # Generated from value "A74264" located at cell 'Sheet 1 - PRI2019 - Avaliação'!A26.
   Facts: nome "Rafael Silva"  # Generated from value "Rafael Silva" located at cell 'Sheet 1 - PRI2019 - Avaliação'!B26.,
         ident "A74264"  # Generated from value "A74264" located at cell 'Sheet 1 - PRI2019 - Avaliação'!A26.,
         frequenta gcs,
         frequenta spln,
         frequenta pri,
         frequenta prc
   Types: Aluno
Individual: A74568  # Generated from value "A74568" located at cell 'Sheet 1 - PRI2019 - Avaliação'!A27.
   Facts: nome "Ricardo Canela"  # Generated from value "Ricardo Canela" located at cell 'Sheet 1 - PRI2019 - Avaliação'!B27.,
         ident "A74568"  # Generated from value "A74568" located at cell 'Sheet 1 - PRI2019 - Avaliação'!A27.,
         frequenta gcs,
         frequenta spln,
         frequenta pri,
         frequenta prc
   Types: Aluno
Individual: A75411  # Generated from value "A75411" located at cell 'Sheet 1 - PRI2019 - Avaliação'!A28.
   Facts: nome "Ricardo Leal"  # Generated from value "Ricardo Leal" located at cell 'Sheet 1 - PRI2019 - Avaliação'!B28.,
         ident "A75411"  # Generated from value "A75411" located at cell 'Sheet 1 - PRI2019 - Avaliação'!A28.,
         frequenta gcs,
         frequenta spln,
         frequenta pri,
         frequenta prc
   Types: Aluno
Individual: A78914  # Generated from value "A78914" located at cell 'Sheet 1 - PRI2019 - Avaliação'!A29.
   Facts: nome "Ricardo Martins"  # Generated from value "Ricardo Martins" located at cell 'Sheet 1 - PRI2019 - Avaliação'!B29.,
         ident "A78914"  # Generated from value "A78914" located at cell 'Sheet 1 - PRI2019 - Avaliação'!A29.,
         frequenta gcs,
         frequenta spln,
         frequenta pri,
         frequenta prc
   Types: Aluno
Individual: A78764  # Generated from value "A78764" located at cell 'Sheet 1 - PRI2019 - Avaliação'!A30.
   Facts: nome "Ricardo Neves"  # Generated from value "Ricardo Neves" located at cell 'Sheet 1 - PRI2019 - Avaliação'!B30.,
         ident "A78764"  # Generated from value "A78764" located at cell 'Sheet 1 - PRI2019 - Avaliação'!A30.,
         frequenta gcs,
         frequenta spln,
         frequenta pri,
         frequenta prc
   Types: Aluno
Individual: A77045  # Generated from value "A77045" located at cell 'Sheet 1 - PRI2019 - Avaliação'!A31.
   Facts: nome "Ricardo Pereira"  # Generated from value "Ricardo Pereira" located at cell 'Sheet 1 - PRI2019 - Avaliação'!B31.,
         ident "A77045"  # Generated from value "A77045" located at cell 'Sheet 1 - PRI2019 - Avaliação'!A31.,
         frequenta gcs,
         frequenta spln,
         frequenta pri,
         frequenta prc
   Types: Aluno
Individual: A79947  # Generated from value "A79947" located at cell 'Sheet 1 - PRI2019 - Avaliação'!A32.
   Facts: nome "Rui Costa"  # Generated from value "Rui Costa" located at cell 'Sheet 1 - PRI2019 - Avaliação'!B32.,
         ident "A79947"  # Generated from value "A79947" located at cell 'Sheet 1 - PRI2019 - Avaliação'!A32.,
         frequenta gcs,
         frequenta spln,
         frequenta pri,
         frequenta prc
   Types: Aluno
Individual: A74658  # Generated from value "A74658" located at cell 'Sheet 1 - PRI2019 - Avaliação'!A33.
   Facts: nome "Rui Vieira"  # Generated from value "Rui Vieira" located at cell 'Sheet 1 - PRI2019 - Avaliação'!B33.,
         ident "A74658"  # Generated from value "A74658" located at cell 'Sheet 1 - PRI2019 - Avaliação'!A33.,
         frequenta gcs,
         frequenta spln,
         frequenta pri,
         frequenta prc
   Types: Aluno
Individual: A82617  # Generated from value "A82617" located at cell 'Sheet 1 - PRI2019 - Avaliação'!A34.
   Facts: nome "Shahzod Yusupov"  # Generated from value "Shahzod Yusupov" located at cell 'Sheet 1 - PRI2019 - Avaliação'!B34.,
         ident "A82617"  # Generated from value "A82617" located at cell 'Sheet 1 - PRI2019 - Avaliação'!A34.,
         frequenta gcs,
         frequenta spln,
         frequenta pri,
         frequenta prc
   Types: Aluno
Individual: A75328  # Generated from value "A75328" located at cell 'Sheet 1 - PRI2019 - Avaliação'!A35.
   Facts: nome "Tiago Baptista"  # Generated from value "Tiago Baptista" located at cell 'Sheet 1 - PRI2019 - Avaliação'!B35.,
         ident "A75328"  # Generated from value "A75328" located at cell 'Sheet 1 - PRI2019 - Avaliação'!A35.,
         frequenta gcs,
         frequenta spln,
         frequenta pri,
         frequenta prc
   Types: Aluno
Individual: A61032  # Generated from value "A61032" located at cell 'Sheet 1 - PRI2019 - Avaliação'!A36.
   Facts: nome "Tiago Pereira"  # Generated from value "Tiago Pereira" located at cell 'Sheet 1 - PRI2019 - Avaliação'!B36.,
         ident "A61032"  # Generated from value "A61032" located at cell 'Sheet 1 - PRI2019 - Avaliação'!A36.,
         frequenta gcs,
         frequenta spln,
         frequenta pri,
         frequenta prc
   Types: Aluno

===========================================================================================================
